[13-Sep-2016 21:39:02 UTC] running cron...
[20-Sep-2016 21:39:02 UTC] running cron...
[04-Oct-2016 21:39:02 UTC] running cron...
[11-Oct-2016 21:39:01 UTC] PHP Deprecated:  Methods with the same name as their class will not be constructors in a future version of PHP; MCAPI has a deprecated constructor in /Users/micho/Documents/cuervo/sitios/wp-yolcan/wp-content/themes/yolcan/inc/MCAPI.class.php on line 3
[11-Oct-2016 21:39:01 UTC] PHP Deprecated:  Methods with the same name as their class will not be constructors in a future version of PHP; MCAPI has a deprecated constructor in /Users/micho/Documents/cuervo/sitios/wp-yolcan/wp-content/themes/yolcan/inc/MCAPI.class.php on line 3
[11-Oct-2016 21:39:02 UTC] running cron...
[18-Oct-2016 21:39:01 UTC] PHP Deprecated:  Methods with the same name as their class will not be constructors in a future version of PHP; MCAPI has a deprecated constructor in /Users/micho/Documents/cuervo/sitios/wp-yolcan/wp-content/themes/yolcan/inc/MCAPI.class.php on line 3
[18-Oct-2016 21:39:01 UTC] PHP Deprecated:  Methods with the same name as their class will not be constructors in a future version of PHP; MCAPI has a deprecated constructor in /Users/micho/Documents/cuervo/sitios/wp-yolcan/wp-content/themes/yolcan/inc/MCAPI.class.php on line 3
[18-Oct-2016 21:39:02 UTC] running cron...
[01-Nov-2016 22:39:01 UTC] PHP Deprecated:  Methods with the same name as their class will not be constructors in a future version of PHP; MCAPI has a deprecated constructor in /Users/micho/Documents/cuervo/sitios/wp-yolcan/wp-content/themes/yolcan/inc/MCAPI.class.php on line 3
[01-Nov-2016 22:39:02 UTC] PHP Deprecated:  Methods with the same name as their class will not be constructors in a future version of PHP; MCAPI has a deprecated constructor in /Users/micho/Documents/cuervo/sitios/wp-yolcan/wp-content/themes/yolcan/inc/MCAPI.class.php on line 3
[01-Nov-2016 22:39:03 UTC] running cron...
[08-Nov-2016 22:39:01 UTC] PHP Deprecated:  Methods with the same name as their class will not be constructors in a future version of PHP; MCAPI has a deprecated constructor in /Users/micho/Documents/cuervo/sitios/wp-yolcan/wp-content/themes/yolcan/inc/MCAPI.class.php on line 3
[08-Nov-2016 22:39:02 UTC] PHP Deprecated:  Methods with the same name as their class will not be constructors in a future version of PHP; MCAPI has a deprecated constructor in /Users/micho/Documents/cuervo/sitios/wp-yolcan/wp-content/themes/yolcan/inc/MCAPI.class.php on line 3
[08-Nov-2016 22:39:02 UTC] running cron...
[22-Nov-2016 22:39:00 UTC] PHP Deprecated:  Methods with the same name as their class will not be constructors in a future version of PHP; MCAPI has a deprecated constructor in /Users/micho/Documents/cuervo/sitios/wp-yolcan/wp-content/themes/yolcan/inc/MCAPI.class.php on line 3
[22-Nov-2016 22:39:01 UTC] PHP Deprecated:  Methods with the same name as their class will not be constructors in a future version of PHP; MCAPI has a deprecated constructor in /Users/micho/Documents/cuervo/sitios/wp-yolcan/wp-content/themes/yolcan/inc/MCAPI.class.php on line 3
[22-Nov-2016 22:39:02 UTC] running cron...
[29-Nov-2016 22:39:01 UTC] PHP Deprecated:  Methods with the same name as their class will not be constructors in a future version of PHP; MCAPI has a deprecated constructor in /Users/micho/Documents/cuervo/sitios/wp-yolcan/wp-content/themes/yolcan/inc/MCAPI.class.php on line 3
[29-Nov-2016 22:39:01 UTC] PHP Deprecated:  Methods with the same name as their class will not be constructors in a future version of PHP; MCAPI has a deprecated constructor in /Users/micho/Documents/cuervo/sitios/wp-yolcan/wp-content/themes/yolcan/inc/MCAPI.class.php on line 3
[29-Nov-2016 22:39:02 UTC] running cron...
[06-Dec-2016 22:39:01 UTC] PHP Deprecated:  Methods with the same name as their class will not be constructors in a future version of PHP; MCAPI has a deprecated constructor in /Users/micho/Documents/cuervo/sitios/wp-yolcan/wp-content/themes/yolcan/inc/MCAPI.class.php on line 3
[06-Dec-2016 22:39:02 UTC] PHP Deprecated:  Methods with the same name as their class will not be constructors in a future version of PHP; MCAPI has a deprecated constructor in /Users/micho/Documents/cuervo/sitios/wp-yolcan/wp-content/themes/yolcan/inc/MCAPI.class.php on line 3
[06-Dec-2016 22:39:02 UTC] running cron...
[13-Dec-2016 22:39:01 UTC] PHP Deprecated:  Methods with the same name as their class will not be constructors in a future version of PHP; MCAPI has a deprecated constructor in /Users/micho/Documents/cuervo/sitios/wp-yolcan/wp-content/themes/yolcan/inc/MCAPI.class.php on line 3
[13-Dec-2016 22:39:02 UTC] PHP Deprecated:  Methods with the same name as their class will not be constructors in a future version of PHP; MCAPI has a deprecated constructor in /Users/micho/Documents/cuervo/sitios/wp-yolcan/wp-content/themes/yolcan/inc/MCAPI.class.php on line 3
[13-Dec-2016 22:39:03 UTC] running cron...
[20-Dec-2016 22:39:01 UTC] PHP Deprecated:  Methods with the same name as their class will not be constructors in a future version of PHP; MCAPI has a deprecated constructor in /Users/micho/Documents/cuervo/sitios/wp-yolcan/wp-content/themes/yolcan/inc/MCAPI.class.php on line 3
[20-Dec-2016 22:39:02 UTC] PHP Deprecated:  Methods with the same name as their class will not be constructors in a future version of PHP; MCAPI has a deprecated constructor in /Users/micho/Documents/cuervo/sitios/wp-yolcan/wp-content/themes/yolcan/inc/MCAPI.class.php on line 3
[20-Dec-2016 22:39:03 UTC] running cron...
